create
Token type: 16
Token row: 1
Token col: 8
view
Token type: 16
Token row: 1
Token col: 13
Cap
Token type: 16
Token row: 1
Token col: 17
as
Token type: 16
Token row: 2
Token col: 0


Token type: 10
Token row: 2
Token col: 0
extract
Token type: 16
Token row: 2
Token col: 10
regex
Token type: 16
Token row: 2
Token col: 16
[A-Z][a-z]*
Token type: 14
Token row: 2
Token col: 29


Token type: 10
Token row: 3
Token col: 0
on
Token type: 16
Token row: 3
Token col: 7
D
Token type: 16
Token row: 3
Token col: 9
.
Token type: 46
Token row: 3
Token col: 9
text
Token type: 16
Token row: 3
Token col: 14
as
Token type: 16
Token row: 3
Token col: 17
Cap
Token type: 16
Token row: 4
Token col: 0


Token type: 10
Token row: 4
Token col: 0
from
Token type: 16
Token row: 4
Token col: 7
Document
Token type: 16
Token row: 4
Token col: 16
D
Token type: 16
Token row: 4
Token col: 18
;
Token type: 59
Token row: 4
Token col: 18


Token type: 10
Token row: 5
Token col: 0


Token type: 10
Token row: 6
Token col: 0
create
Token type: 16
Token row: 6
Token col: 7
view
Token type: 16
Token row: 6
Token col: 12
Stt
Token type: 16
Token row: 6
Token col: 16
as
Token type: 16
Token row: 7
Token col: 0


Token type: 10
Token row: 7
Token col: 0
extract
Token type: 16
Token row: 7
Token col: 10
regex
Token type: 16
Token row: 7
Token col: 16
Washington|Georgia|Virginia
Token type: 14
Token row: 7
Token col: 45


Token type: 10
Token row: 8
Token col: 0
on
Token type: 16
Token row: 8
Token col: 7
D
Token type: 16
Token row: 8
Token col: 9
.
Token type: 46
Token row: 8
Token col: 9
text
Token type: 16
Token row: 9
Token col: 0


Token type: 10
Token row: 9
Token col: 0
return
Token type: 16
Token row: 9
Token col: 11
group
Token type: 16
Token row: 9
Token col: 17
0
Token type: 15
Token row: 9
Token col: 19
as
Token type: 16
Token row: 9
Token col: 22
Stt
Token type: 16
Token row: 10
Token col: 0


Token type: 10
Token row: 10
Token col: 0
from
Token type: 16
Token row: 10
Token col: 7
Document
Token type: 16
Token row: 10
Token col: 16
D
Token type: 16
Token row: 10
Token col: 18
;
Token type: 59
Token row: 10
Token col: 18


Token type: 10
Token row: 11
Token col: 0


Token type: 10
Token row: 12
Token col: 0
create
Token type: 16
Token row: 12
Token col: 7
view
Token type: 16
Token row: 12
Token col: 12
Loc
Token type: 16
Token row: 12
Token col: 16
as
Token type: 16
Token row: 13
Token col: 0


Token type: 10
Token row: 13
Token col: 0
extract
Token type: 16
Token row: 13
Token col: 10
pattern
Token type: 16
Token row: 13
Token col: 18
(
Token type: 40
Token row: 13
Token col: 19
<
Token type: 60
Token row: 13
Token col: 20
C
Token type: 16
Token row: 13
Token col: 22
.
Token type: 46
Token row: 13
Token col: 22
Cap
Token type: 16
Token row: 13
Token col: 26
>
Token type: 62
Token row: 13
Token col: 26
)
Token type: 41
Token row: 13
Token col: 27
,
Token type: 14
Token row: 13
Token col: 31
(
Token type: 40
Token row: 13
Token col: 33
<
Token type: 60
Token row: 13
Token col: 34
S
Token type: 16
Token row: 13
Token col: 36
.
Token type: 46
Token row: 13
Token col: 36
Stt
Token type: 16
Token row: 13
Token col: 40
>
Token type: 62
Token row: 13
Token col: 40
)
Token type: 41
Token row: 13
Token col: 41


Token type: 10
Token row: 14
Token col: 0
return
Token type: 16
Token row: 14
Token col: 9
group
Token type: 16
Token row: 14
Token col: 15
0
Token type: 15
Token row: 14
Token col: 17
as
Token type: 16
Token row: 14
Token col: 20
Loc
Token type: 16
Token row: 15
Token col: 0


Token type: 10
Token row: 15
Token col: 0
and
Token type: 16
Token row: 15
Token col: 8
group
Token type: 16
Token row: 15
Token col: 14
1
Token type: 15
Token row: 15
Token col: 16
as
Token type: 16
Token row: 15
Token col: 19
Cap
Token type: 16
Token row: 16
Token col: 0


Token type: 10
Token row: 16
Token col: 0
and
Token type: 16
Token row: 16
Token col: 8
group
Token type: 16
Token row: 16
Token col: 14
2
Token type: 15
Token row: 16
Token col: 16
as
Token type: 16
Token row: 16
Token col: 19
Stt
Token type: 16
Token row: 17
Token col: 0


Token type: 10
Token row: 17
Token col: 0
from
Token type: 16
Token row: 17
Token col: 7
Cap
Token type: 16
Token row: 17
Token col: 11
C
Token type: 16
Token row: 17
Token col: 13
,
Token type: 44
Token row: 17
Token col: 13
Stt
Token type: 16
Token row: 17
Token col: 18
S
Token type: 16
Token row: 17
Token col: 20
;
Token type: 59
Token row: 17
Token col: 20


Token type: 10
Token row: 18
Token col: 0


Token type: 10
Token row: 19
Token col: 0
create
Token type: 16
Token row: 19
Token col: 7
view
Token type: 16
Token row: 19
Token col: 12
Per
Token type: 16
Token row: 19
Token col: 16
as
Token type: 16
Token row: 20
Token col: 0


Token type: 10
Token row: 20
Token col: 0
extract
Token type: 16
Token row: 20
Token col: 10
regex
Token type: 16
Token row: 20
Token col: 16
[A-Z][a-z]*
Token type: 14
Token row: 20
Token col: 29


Token type: 10
Token row: 21
Token col: 0
on
Token type: 16
Token row: 21
Token col: 7
D
Token type: 16
Token row: 21
Token col: 9
.
Token type: 46
Token row: 21
Token col: 9
text
Token type: 16
Token row: 22
Token col: 0


Token type: 10
Token row: 22
Token col: 0
return
Token type: 16
Token row: 22
Token col: 11
group
Token type: 16
Token row: 22
Token col: 17
0
Token type: 15
Token row: 22
Token col: 19
as
Token type: 16
Token row: 22
Token col: 22
Per
Token type: 16
Token row: 23
Token col: 0


Token type: 10
Token row: 23
Token col: 0
from
Token type: 16
Token row: 23
Token col: 7
Document
Token type: 16
Token row: 23
Token col: 16
D
Token type: 16
Token row: 23
Token col: 18
;
Token type: 59
Token row: 23
Token col: 18


Token type: 10
Token row: 24
Token col: 0


Token type: 10
Token row: 25
Token col: 0
create
Token type: 16
Token row: 25
Token col: 7
view
Token type: 16
Token row: 25
Token col: 12
PerLoc
Token type: 16
Token row: 25
Token col: 19
as
Token type: 16
Token row: 26
Token col: 0


Token type: 10
Token row: 26
Token col: 0
extract
Token type: 16
Token row: 26
Token col: 10
pattern
Token type: 16
Token row: 26
Token col: 18
(
Token type: 40
Token row: 26
Token col: 19
<
Token type: 60
Token row: 26
Token col: 20
P
Token type: 16
Token row: 26
Token col: 22
.
Token type: 46
Token row: 26
Token col: 22
Per
Token type: 16
Token row: 26
Token col: 26
>
Token type: 62
Token row: 26
Token col: 26
)
Token type: 41
Token row: 26
Token col: 27
<
Token type: 60
Token row: 26
Token col: 29
token
Token type: 16
Token row: 26
Token col: 35
>
Token type: 62
Token row: 26
Token col: 35
{
Token type: 123
Token row: 26
Token col: 36
1
Token type: 15
Token row: 26
Token col: 38
,
Token type: 44
Token row: 26
Token col: 38
2
Token type: 15
Token row: 26
Token col: 40
}
Token type: 125
Token row: 26
Token col: 40
(
Token type: 40
Token row: 26
Token col: 42
<
Token type: 60
Token row: 26
Token col: 43
L
Token type: 16
Token row: 26
Token col: 45
.
Token type: 46
Token row: 26
Token col: 45
Loc
Token type: 16
Token row: 26
Token col: 49
>
Token type: 62
Token row: 26
Token col: 49
)
Token type: 41
Token row: 26
Token col: 50


Token type: 10
Token row: 27
Token col: 0
return
Token type: 16
Token row: 27
Token col: 9
group
Token type: 16
Token row: 27
Token col: 15
0
Token type: 15
Token row: 27
Token col: 17
as
Token type: 16
Token row: 27
Token col: 20
PerLoc
Token type: 16
Token row: 28
Token col: 0


Token type: 10
Token row: 28
Token col: 0
and
Token type: 16
Token row: 28
Token col: 8
group
Token type: 16
Token row: 28
Token col: 14
1
Token type: 15
Token row: 28
Token col: 16
as
Token type: 16
Token row: 28
Token col: 19
Per
Token type: 16
Token row: 29
Token col: 0


Token type: 10
Token row: 29
Token col: 0
and
Token type: 16
Token row: 29
Token col: 8
group
Token type: 16
Token row: 29
Token col: 14
2
Token type: 15
Token row: 29
Token col: 16
as
Token type: 16
Token row: 29
Token col: 19
Loc
Token type: 16
Token row: 30
Token col: 0


Token type: 10
Token row: 30
Token col: 0
from
Token type: 16
Token row: 30
Token col: 7
Per
Token type: 16
Token row: 30
Token col: 11
P
Token type: 16
Token row: 30
Token col: 13
,
Token type: 44
Token row: 30
Token col: 13
Loc
Token type: 16
Token row: 30
Token col: 18
L
Token type: 16
Token row: 30
Token col: 20
;
Token type: 59
Token row: 30
Token col: 20


Token type: 10
Token row: 31
Token col: 0


Token type: 10
Token row: 32
Token col: 0
create
Token type: 16
Token row: 32
Token col: 7
view
Token type: 16
Token row: 32
Token col: 12
PerLocOnly
Token type: 16
Token row: 32
Token col: 23
as
Token type: 16
Token row: 33
Token col: 0


Token type: 10
Token row: 33
Token col: 0
select
Token type: 16
Token row: 33
Token col: 9
PL
Token type: 16
Token row: 33
Token col: 12
.
Token type: 46
Token row: 33
Token col: 12
PerLoc
Token type: 16
Token row: 33
Token col: 19
as
Token type: 16
Token row: 33
Token col: 22
PerLoc
Token type: 16
Token row: 34
Token col: 0


Token type: 10
Token row: 34
Token col: 0
from
Token type: 16
Token row: 34
Token col: 7
PerLoc
Token type: 16
Token row: 34
Token col: 14
PL
Token type: 16
Token row: 34
Token col: 17
;
Token type: 59
Token row: 34
Token col: 17


Token type: 10
Token row: 35
Token col: 0


Token type: 10
Token row: 36
Token col: 0
output
Token type: 16
Token row: 36
Token col: 7
view
Token type: 16
Token row: 36
Token col: 12
Cap
Token type: 16
Token row: 36
Token col: 16
;
Token type: 59
Token row: 36
Token col: 16


Token type: 10
Token row: 37
Token col: 0
output
Token type: 16
Token row: 37
Token col: 7
view
Token type: 16
Token row: 37
Token col: 12
Stt
Token type: 16
Token row: 37
Token col: 16
;
Token type: 59
Token row: 37
Token col: 16


Token type: 10
Token row: 38
Token col: 0
output
Token type: 16
Token row: 38
Token col: 7
view
Token type: 16
Token row: 38
Token col: 12
Loc
Token type: 16
Token row: 38
Token col: 16
;
Token type: 59
Token row: 38
Token col: 16


Token type: 10
Token row: 39
Token col: 0
output
Token type: 16
Token row: 39
Token col: 7
view
Token type: 16
Token row: 39
Token col: 12
Per
Token type: 16
Token row: 39
Token col: 16
;
Token type: 59
Token row: 39
Token col: 16


Token type: 10
Token row: 40
Token col: 0
output
Token type: 16
Token row: 40
Token col: 7
view
Token type: 16
Token row: 40
Token col: 12
PerLoc
Token type: 16
Token row: 40
Token col: 19
;
Token type: 59
Token row: 40
Token col: 19


Token type: 10
Token row: 41
Token col: 0
output
Token type: 16
Token row: 41
Token col: 7
view
Token type: 16
Token row: 41
Token col: 12
PerLocOnly
Token type: 16
Token row: 41
Token col: 23
;
Token type: 59
Token row: 41
Token col: 23


Token type: 10
Token row: 42
Token col: 0
